"2020-09-03 [restartedMain] INFO  l.s.s.SsdAssignment2OauthApplication - Starting SsdAssignment2OauthApplication on VIMUKTHI1415 with PID 52304 (D:\Projects\Java\ssd-assignment2-oauth\target\classes started by vimukthi_r in D:\Projects\Java\ssd-assignment2-oauth)
""2020-09-03 [restartedMain] INFO  l.s.s.SsdAssignment2OauthApplication - No active profile set, falling back to default profiles: default
""2020-09-03 [restartedMain] INFO  o.s.b.w.e.tomcat.TomcatWebServer - Tomcat initialized with port(s): 8083 (http)
""2020-09-03 [restartedMain] INFO  o.a.catalina.core.StandardService - Starting service [Tomcat]
""2020-09-03 [restartedMain] INFO  o.a.catalina.core.StandardEngine - Starting Servlet engine: [Apache Tomcat/9.0.37]
""2020-09-03 [restartedMain] INFO  o.a.c.c.C.[Tomcat].[localhost].[/] - Initializing Spring embedded WebApplicationContext
""2020-09-03 [restartedMain] INFO  o.s.b.w.s.c.ServletWebServerApplicationContext - Root WebApplicationContext: initialization completed in 175 ms
""2020-09-03 [restartedMain] INFO  o.s.s.c.ThreadPoolTaskExecutor - Initializing ExecutorService 'applicationTaskExecutor'
""2020-09-03 [restartedMain] INFO  o.s.b.a.w.s.WelcomePageHandlerMapping - Adding welcome page template: index
""2020-09-03 [restartedMain] INFO  o.s.s.web.DefaultSecurityFilterChain - Creating filter chain: any request, [org.springframework.security.web.context.request.async.WebAsyncManagerIntegrationFilter@45208576, org.springframework.security.web.context.SecurityContextPersistenceFilter@d5c0af, org.springframework.security.web.header.HeaderWriterFilter@1658329f, org.springframework.security.web.csrf.CsrfFilter@418e979, org.springframework.security.web.authentication.logout.LogoutFilter@8b869f7, org.springframework.security.oauth2.client.web.OAuth2AuthorizationRequestRedirectFilter@304963ad, org.springframework.security.oauth2.client.web.OAuth2LoginAuthenticationFilter@2d2b9c68, org.springframework.security.web.authentication.ui.DefaultLoginPageGeneratingFilter@64f7237c, org.springframework.security.web.authentication.ui.DefaultLogoutPageGeneratingFilter@6142c106, org.springframework.security.web.savedrequest.RequestCacheAwareFilter@5d13ec17, org.springframework.security.web.servletapi.SecurityContextHolderAwareRequestFilter@a08e1e0, org.springframework.security.web.authentication.AnonymousAuthenticationFilter@1aed8288, org.springframework.security.web.session.SessionManagementFilter@4345ba9f, org.springframework.security.web.access.ExceptionTranslationFilter@65670f85, org.springframework.security.web.access.intercept.FilterSecurityInterceptor@7147a5e]
""2020-09-03 [restartedMain] INFO  o.s.b.d.a.OptionalLiveReloadServer - LiveReload server is running on port 35729
""2020-09-03 [restartedMain] INFO  o.s.b.w.e.tomcat.TomcatWebServer - Tomcat started on port(s): 8083 (http) with context path ''
""2020-09-03 [restartedMain] INFO  l.s.s.SsdAssignment2OauthApplication - Started SsdAssignment2OauthApplication in 0.308 seconds (JVM running for 1580.741)
""2020-09-03 [restartedMain] INFO  o.s.b.d.a.ConditionEvaluationDeltaLoggingListener - Condition evaluation unchanged
""2020-09-03 [RMI TCP Connection(73)-127.0.0.1] INFO  o.s.b.a.SpringApplicationAdminMXBeanRegistrar$SpringApplicationAdmin - Application shutdown requested.
""2020-09-03 [RMI TCP Connection(73)-127.0.0.1] INFO  o.s.s.c.ThreadPoolTaskExecutor - Shutting down ExecutorService 'applicationTaskExecutor'
""2020-09-03 [restartedMain] INFO  l.s.s.SsdAssignment2OauthApplication - Starting SsdAssignment2OauthApplication on VIMUKTHI1415 with PID 5532 (D:\Projects\Java\ssd-assignment2-oauth\target\classes started by vimukthi_r in D:\Projects\Java\ssd-assignment2-oauth)
""2020-09-03 [restartedMain] INFO  l.s.s.SsdAssignment2OauthApplication - No active profile set, falling back to default profiles: default
""2020-09-03 [restartedMain] INFO  o.s.b.d.e.DevToolsPropertyDefaultsPostProcessor - Devtools property defaults active! Set 'spring.devtools.add-properties' to 'false' to disable
""2020-09-03 [restartedMain] INFO  o.s.b.d.e.DevToolsPropertyDefaultsPostProcessor - For additional web related logging consider setting the 'logging.level.web' property to 'DEBUG'
""2020-09-03 [restartedMain] INFO  o.s.b.w.e.tomcat.TomcatWebServer - Tomcat initialized with port(s): 8083 (http)
""2020-09-03 [restartedMain] INFO  o.a.catalina.core.StandardService - Starting service [Tomcat]
""2020-09-03 [restartedMain] INFO  o.a.catalina.core.StandardEngine - Starting Servlet engine: [Apache Tomcat/9.0.37]
""2020-09-03 [restartedMain] INFO  o.a.c.c.C.[Tomcat].[localhost].[/] - Initializing Spring embedded WebApplicationContext
""2020-09-03 [restartedMain] INFO  o.s.b.w.s.c.ServletWebServerApplicationContext - Root WebApplicationContext: initialization completed in 709 ms
""2020-09-03 [restartedMain] INFO  o.s.s.c.ThreadPoolTaskExecutor - Initializing ExecutorService 'applicationTaskExecutor'
""2020-09-03 [restartedMain] INFO  o.s.b.a.w.s.WelcomePageHandlerMapping - Adding welcome page template: index
""2020-09-03 [restartedMain] INFO  o.s.s.web.DefaultSecurityFilterChain - Creating filter chain: any request, [org.springframework.security.web.context.request.async.WebAsyncManagerIntegrationFilter@4deada73, org.springframework.security.web.context.SecurityContextPersistenceFilter@6ebc8d38, org.springframework.security.web.header.HeaderWriterFilter@7e91be29, org.springframework.security.web.csrf.CsrfFilter@293f4333, org.springframework.security.web.authentication.logout.LogoutFilter@55559bb1, org.springframework.security.oauth2.client.web.OAuth2AuthorizationRequestRedirectFilter@1786ffaa, org.springframework.security.oauth2.client.web.OAuth2LoginAuthenticationFilter@66047cad, org.springframework.security.web.authentication.ui.DefaultLoginPageGeneratingFilter@26e016dd, org.springframework.security.web.authentication.ui.DefaultLogoutPageGeneratingFilter@231f5196, org.springframework.security.web.savedrequest.RequestCacheAwareFilter@5ad34075, org.springframework.security.web.servletapi.SecurityContextHolderAwareRequestFilter@4aac0785, org.springframework.security.web.authentication.AnonymousAuthenticationFilter@4aa87283, org.springframework.security.web.session.SessionManagementFilter@1dcfda19, org.springframework.security.web.access.ExceptionTranslationFilter@70b28580, org.springframework.security.web.access.intercept.FilterSecurityInterceptor@1ed26ac9]
""2020-09-03 [restartedMain] INFO  o.s.b.d.a.OptionalLiveReloadServer - LiveReload server is running on port 35729
""2020-09-03 [restartedMain] INFO  o.s.b.w.e.tomcat.TomcatWebServer - Tomcat started on port(s): 8083 (http) with context path ''
""2020-09-03 [restartedMain] INFO  l.s.s.SsdAssignment2OauthApplication - Started SsdAssignment2OauthApplication in 1.961 seconds (JVM running for 2.821)
""2020-09-03 [RMI TCP Connection(64)-127.0.0.1] INFO  o.s.b.a.SpringApplicationAdminMXBeanRegistrar$SpringApplicationAdmin - Application shutdown requested.
""2020-09-03 [RMI TCP Connection(64)-127.0.0.1] INFO  o.s.s.c.ThreadPoolTaskExecutor - Shutting down ExecutorService 'applicationTaskExecutor'
""2020-09-03 [restartedMain] INFO  l.s.s.SsdAssignment2OauthApplication - Starting SsdAssignment2OauthApplication on VIMUKTHI1415 with PID 71240 (D:\Projects\Java\ssd-assignment2-oauth\target\classes started by vimukthi_r in D:\Projects\Java\ssd-assignment2-oauth)
""2020-09-03 [restartedMain] INFO  l.s.s.SsdAssignment2OauthApplication - No active profile set, falling back to default profiles: default
""2020-09-03 [restartedMain] INFO  o.s.b.d.e.DevToolsPropertyDefaultsPostProcessor - Devtools property defaults active! Set 'spring.devtools.add-properties' to 'false' to disable
""2020-09-03 [restartedMain] INFO  o.s.b.d.e.DevToolsPropertyDefaultsPostProcessor - For additional web related logging consider setting the 'logging.level.web' property to 'DEBUG'
""2020-09-03 [restartedMain] INFO  o.s.b.w.e.tomcat.TomcatWebServer - Tomcat initialized with port(s): 8083 (http)
""2020-09-03 [restartedMain] INFO  o.a.catalina.core.StandardService - Starting service [Tomcat]
""2020-09-03 [restartedMain] INFO  o.a.catalina.core.StandardEngine - Starting Servlet engine: [Apache Tomcat/9.0.37]
""2020-09-03 [restartedMain] INFO  o.a.c.c.C.[Tomcat].[localhost].[/] - Initializing Spring embedded WebApplicationContext
""2020-09-03 [restartedMain] INFO  o.s.b.w.s.c.ServletWebServerApplicationContext - Root WebApplicationContext: initialization completed in 574 ms
""2020-09-03 [restartedMain] INFO  o.s.s.c.ThreadPoolTaskExecutor - Initializing ExecutorService 'applicationTaskExecutor'
""2020-09-03 [restartedMain] INFO  o.s.b.a.w.s.WelcomePageHandlerMapping - Adding welcome page template: index
""2020-09-03 [restartedMain] INFO  o.s.s.web.DefaultSecurityFilterChain - Creating filter chain: any request, [org.springframework.security.web.context.request.async.WebAsyncManagerIntegrationFilter@179e94c7, org.springframework.security.web.context.SecurityContextPersistenceFilter@1c5a4993, org.springframework.security.web.header.HeaderWriterFilter@5059db25, org.springframework.security.web.csrf.CsrfFilter@3dd12d20, org.springframework.security.web.authentication.logout.LogoutFilter@14295635, org.springframework.security.oauth2.client.web.OAuth2AuthorizationRequestRedirectFilter@ed136c7, org.springframework.security.oauth2.client.web.OAuth2LoginAuthenticationFilter@5b725e5b, org.springframework.security.web.authentication.ui.DefaultLoginPageGeneratingFilter@4d48ea13, org.springframework.security.web.authentication.ui.DefaultLogoutPageGeneratingFilter@5f515cc1, org.springframework.security.web.savedrequest.RequestCacheAwareFilter@54a072e6, org.springframework.security.web.servletapi.SecurityContextHolderAwareRequestFilter@f0faf0d, org.springframework.security.web.authentication.AnonymousAuthenticationFilter@19f41f07, org.springframework.security.web.session.SessionManagementFilter@24f56c5, org.springframework.security.web.access.ExceptionTranslationFilter@25d09f92, org.springframework.security.web.access.intercept.FilterSecurityInterceptor@1bb5a88b]
""2020-09-03 [restartedMain] INFO  o.s.b.d.a.OptionalLiveReloadServer - LiveReload server is running on port 35729
""2020-09-03 [restartedMain] INFO  o.s.b.w.e.tomcat.TomcatWebServer - Tomcat started on port(s): 8083 (http) with context path ''
""2020-09-03 [restartedMain] INFO  l.s.s.SsdAssignment2OauthApplication - Started SsdAssignment2OauthApplication in 1.606 seconds (JVM running for 2.362)
""2020-09-03 [http-nio-8083-exec-1] INFO  o.a.c.c.C.[Tomcat].[localhost].[/] - Initializing Spring DispatcherServlet 'dispatcherServlet'
""2020-09-03 [http-nio-8083-exec-1] INFO  o.s.web.servlet.DispatcherServlet - Initializing Servlet 'dispatcherServlet'
""2020-09-03 [http-nio-8083-exec-1] INFO  o.s.web.servlet.DispatcherServlet - Completed initialization in 2 ms
""2020-09-03 [http-nio-8083-exec-1] INFO  l.s.s.c.PrettyCalendarController - User has not authenticated. Redirecting to login...
""2020-09-03 [http-nio-8083-exec-6] INFO  l.s.s.c.PrettyCalendarController - Called signin page. Redirecting to Google Auth server
""2020-09-03 [http-nio-8083-exec-6] INFO  l.s.s.s.i.GoogleAuthenticationService - Authenticating an user...
""2020-09-03 [http-nio-8083-exec-6] INFO  l.s.s.s.i.GoogleAuthenticationService - Redirecting to URL: https://accounts.google.com/o/oauth2/auth?access_type=offline&client_id=684424868067-1vc8ltcudg1gk9qfs27mo8ghvbbn2cq2.apps.googleusercontent.com&redirect_uri=http://localhost:8083/oauth&response_type=code&scope=https://www.googleapis.com/auth/calendar
""2020-09-03 [http-nio-8083-exec-7] INFO  l.s.s.c.PrettyCalendarController - Called callback URL. Request: SecurityContextHolderAwareRequestWrapper[ org.springframework.security.web.header.HeaderWriterFilter$HeaderWriterRequest@485b6f4a]
""2020-09-03 [http-nio-8083-exec-7] INFO  l.s.s.c.PrettyCalendarController - OAuth consent complete. Received code: 4/3gEAK6aFdH_iGFhJljY_RDqD7Zzy6njCV4nMrdlp7FWPtO1ViLMrIxmCCMti1CeVUe39HBrIV-Abycwz5JpPM7c
""2020-09-03 [http-nio-8083-exec-7] INFO  l.s.s.s.i.GoogleAuthenticationService - Get access token and refresh token. code: 4/3gEAK6aFdH_iGFhJljY_RDqD7Zzy6njCV4nMrdlp7FWPtO1ViLMrIxmCCMti1CeVUe39HBrIV-Abycwz5JpPM7c - access token: ya29.a0AfH6SMAGyYaDhvIKSrzNKnC19WHkOBRs0MKduAZffopT22Tw4R2yztoMWvHCdcqBH7pzy6ds6MYbclY4NIT2hk8MF3F1SZKDPor6TjD67YZipB9T8rEFA2YEckZMN4RFTlV_B0N0i0EdWRoCo9xSJvexFMJuD8d4YrQF - refresh token: null
""2020-09-03 [http-nio-8083-exec-8] INFO  l.s.s.c.PrettyCalendarController - Retreaving latest calendar events list.
""2020-09-03 [http-nio-8083-exec-8] INFO  l.s.s.s.impl.GoogleCalendarService - Upcoming events found.
""2020-09-03 [http-nio-8083-exec-8] INFO  l.s.s.s.impl.GoogleCalendarService - Event : Research PP2 CDAP progress presentation 2 https://www.google.com/calendar/event?eid=YzA1b25yYmoyZTk4MjN0cHN2cTdrMDUxdWsgdmltdWt0aGkucmFqYXBha3NoYUBteS5zbGlpdC5saw 2020-09-04T09:30:00.000+05:30
""2020-09-03 [http-nio-8083-exec-8] INFO  l.s.s.s.impl.GoogleCalendarService - Event : SSD lecture SSD lectures https://www.google.com/calendar/event?eid=N2k2ZTNkZG80OTM2ZHFwczZwYmNzc2RzM3MgdmltdWt0aGkucmFqYXBha3NoYUBteS5zbGlpdC5saw 2020-09-05T20:00:00.000+05:30
""2020-09-03 [http-nio-8083-exec-8] INFO  l.s.s.s.impl.GoogleCalendarService - Event : DL lectures DL online lecture https://www.google.com/calendar/event?eid=dWZrdjNlbnFndDg4OGM0NGg5MWtoM21qZjggdmltdWt0aGkucmFqYXBha3NoYUBteS5zbGlpdC5saw 2020-09-05T20:30:00.000+05:30
""2020-09-03 [Thread-8] INFO  o.s.s.c.ThreadPoolTaskExecutor - Shutting down ExecutorService 'applicationTaskExecutor'
"2020-09-03 [restartedMain] INFO  l.s.s.SsdAssignment2OauthApplication - Starting SsdAssignment2OauthApplication on VIMUKTHI1415 with PID 71240 (D:\Projects\Java\ssd-assignment2-oauth\target\classes started by vimukthi_r in D:\Projects\Java\ssd-assignment2-oauth)
2020-09-03 [restartedMain] INFO  l.s.s.SsdAssignment2OauthApplication - No active profile set, falling back to default profiles: default
2020-09-03 [restartedMain] INFO  o.s.b.w.e.tomcat.TomcatWebServer - Tomcat initialized with port(s): 8083 (http)
2020-09-03 [restartedMain] INFO  o.a.catalina.core.StandardService - Starting service [Tomcat]
2020-09-03 [restartedMain] INFO  o.a.catalina.core.StandardEngine - Starting Servlet engine: [Apache Tomcat/9.0.37]
2020-09-03 [restartedMain] INFO  o.a.c.c.C.[Tomcat].[localhost].[/] - Initializing Spring embedded WebApplicationContext
2020-09-03 [restartedMain] INFO  o.s.b.w.s.c.ServletWebServerApplicationContext - Root WebApplicationContext: initialization completed in 159 ms
2020-09-03 [restartedMain] INFO  o.s.s.c.ThreadPoolTaskExecutor - Initializing ExecutorService 'applicationTaskExecutor'
2020-09-03 [restartedMain] INFO  o.s.b.a.w.s.WelcomePageHandlerMapping - Adding welcome page template: index
2020-09-03 [restartedMain] INFO  o.s.s.web.DefaultSecurityFilterChain - Creating filter chain: any request, [org.springframework.security.web.context.request.async.WebAsyncManagerIntegrationFilter@1b847d01, org.springframework.security.web.context.SecurityContextPersistenceFilter@5da7cb01, org.springframework.security.web.header.HeaderWriterFilter@4ce5a42, org.springframework.security.web.csrf.CsrfFilter@72e5bd35, org.springframework.security.web.authentication.logout.LogoutFilter@f5058f8, org.springframework.security.oauth2.client.web.OAuth2AuthorizationRequestRedirectFilter@a477c88, org.springframework.security.oauth2.client.web.OAuth2LoginAuthenticationFilter@26d54739, org.springframework.security.web.authentication.ui.DefaultLoginPageGeneratingFilter@438edcd2, org.springframework.security.web.authentication.ui.DefaultLogoutPageGeneratingFilter@5bb62a84, org.springframework.security.web.savedrequest.RequestCacheAwareFilter@1127c942, org.springframework.security.web.servletapi.SecurityContextHolderAwareRequestFilter@674d9d6e, org.springframework.security.web.authentication.AnonymousAuthenticationFilter@6aa4ae46, org.springframework.security.web.session.SessionManagementFilter@2f4d27f, org.springframework.security.web.access.ExceptionTranslationFilter@66655532, org.springframework.security.web.access.intercept.FilterSecurityInterceptor@577d5230]
2020-09-03 [restartedMain] INFO  o.s.b.d.a.OptionalLiveReloadServer - LiveReload server is running on port 35729
2020-09-03 [restartedMain] INFO  o.s.b.w.e.tomcat.TomcatWebServer - Tomcat started on port(s): 8083 (http) with context path ''
2020-09-03 [restartedMain] INFO  l.s.s.SsdAssignment2OauthApplication - Started SsdAssignment2OauthApplication in 0.271 seconds (JVM running for 68.66)
2020-09-03 [restartedMain] INFO  o.s.b.d.a.ConditionEvaluationDeltaLoggingListener - Condition evaluation unchanged
2020-09-03 [Thread-16] INFO  o.s.s.c.ThreadPoolTaskExecutor - Shutting down ExecutorService 'applicationTaskExecutor'
2020-09-03 [restartedMain] INFO  l.s.s.SsdAssignment2OauthApplication - Starting SsdAssignment2OauthApplication on VIMUKTHI1415 with PID 71240 (D:\Projects\Java\ssd-assignment2-oauth\target\classes started by vimukthi_r in D:\Projects\Java\ssd-assignment2-oauth)
2020-09-03 [restartedMain] INFO  l.s.s.SsdAssignment2OauthApplication - No active profile set, falling back to default profiles: default
2020-09-03 [restartedMain] INFO  o.s.b.w.e.tomcat.TomcatWebServer - Tomcat initialized with port(s): 8083 (http)
2020-09-03 [restartedMain] INFO  o.a.catalina.core.StandardService - Starting service [Tomcat]
2020-09-03 [restartedMain] INFO  o.a.catalina.core.StandardEngine - Starting Servlet engine: [Apache Tomcat/9.0.37]
2020-09-03 [restartedMain] INFO  o.a.c.c.C.[Tomcat].[localhost].[/] - Initializing Spring embedded WebApplicationContext
2020-09-03 [restartedMain] INFO  o.s.b.w.s.c.ServletWebServerApplicationContext - Root WebApplicationContext: initialization completed in 145 ms
2020-09-03 [restartedMain] INFO  o.s.s.c.ThreadPoolTaskExecutor - Initializing ExecutorService 'applicationTaskExecutor'
2020-09-03 [restartedMain] INFO  o.s.b.a.w.s.WelcomePageHandlerMapping - Adding welcome page template: index
2020-09-03 [restartedMain] INFO  o.s.s.web.DefaultSecurityFilterChain - Creating filter chain: any request, [org.springframework.security.web.context.request.async.WebAsyncManagerIntegrationFilter@580a41bc, org.springframework.security.web.context.SecurityContextPersistenceFilter@3a51c0ac, org.springframework.security.web.header.HeaderWriterFilter@3c9c3eb9, org.springframework.security.web.csrf.CsrfFilter@6ac94023, org.springframework.security.web.authentication.logout.LogoutFilter@27d8f753, org.springframework.security.oauth2.client.web.OAuth2AuthorizationRequestRedirectFilter@2ac36d86, org.springframework.security.oauth2.client.web.OAuth2LoginAuthenticationFilter@1dfbdba9, org.springframework.security.web.authentication.ui.DefaultLoginPageGeneratingFilter@6602232d, org.springframework.security.web.authentication.ui.DefaultLogoutPageGeneratingFilter@7269fd72, org.springframework.security.web.savedrequest.RequestCacheAwareFilter@6bc3d197, org.springframework.security.web.servletapi.SecurityContextHolderAwareRequestFilter@367753a0, org.springframework.security.web.authentication.AnonymousAuthenticationFilter@43f711e4, org.springframework.security.web.session.SessionManagementFilter@1a395390, org.springframework.security.web.access.ExceptionTranslationFilter@22ee65b4, org.springframework.security.web.access.intercept.FilterSecurityInterceptor@6d78e621]
2020-09-03 [restartedMain] INFO  o.s.b.d.a.OptionalLiveReloadServer - LiveReload server is running on port 35729
2020-09-03 [restartedMain] INFO  o.s.b.w.e.tomcat.TomcatWebServer - Tomcat started on port(s): 8083 (http) with context path ''
2020-09-03 [restartedMain] INFO  l.s.s.SsdAssignment2OauthApplication - Started SsdAssignment2OauthApplication in 0.245 seconds (JVM running for 77.705)
2020-09-03 [restartedMain] INFO  o.s.b.d.a.ConditionEvaluationDeltaLoggingListener - Condition evaluation unchanged
